# JRE version: OpenJDK Runtime Environment (11.0.12+7) (build 11.0.12+7-b1504.28-7817840)
# Java VM: OpenJDK 64-Bit Server VM (11.0.12+7-b1504.28-7817840, mixed mode, tiered, compressed oops, g1 gc, windows-amd64)
Heap:
 garbage-first heap   total 196608K, used 73423K [0x0000000080000000, 0x0000000100000000)
  region size 1024K, 34 young (34816K), 5 survivors (5120K)
 Metaspace       used 61900K, capacity 63397K, committed 63660K, reserved 1103872K
  class space    used 7856K, capacity 8422K, committed 8448K, reserved 1048576K
GC Heap History (20 events):
Event: 0.905 GC heap before
{Heap before GC invocations=0 (full 0):
 garbage-first heap   total 196608K, used 20480K [0x0000000080000000, 0x0000000100000000)
  region size 1024K, 14 young (14336K), 0 survivors (0K)
 Metaspace       used 6751K, capacity 6925K, committed 7168K, reserved 1056768K
  class space    used 582K, capacity 650K, committed 768K, reserved 1048576K
}
Event: 0.911 GC heap after
{Heap after GC invocations=1 (full 0):
 garbage-first heap   total 196608K, used 7867K [0x0000000080000000, 0x0000000100000000)
  region size 1024K, 2 young (2048K), 2 survivors (2048K)
 Metaspace       used 6751K, capacity 6925K, committed 7168K, reserved 1056768K
  class space    used 582K, capacity 650K, committed 768K, reserved 1048576K
}
Event: 1.470 GC heap before
{Heap before GC invocations=1 (full 0):
 garbage-first heap   total 196608K, used 19131K [0x0000000080000000, 0x0000000100000000)
  region size 1024K, 13 young (13312K), 2 survivors (2048K)
 Metaspace       used 10267K, capacity 10553K, committed 10624K, reserved 1058816K
  class space    used 1070K, capacity 1139K, committed 1152K, reserved 1048576K
}
Event: 1.476 GC heap after
{Heap after GC invocations=2 (full 0):
 garbage-first heap   total 196608K, used 9555K [0x0000000080000000, 0x0000000100000000)
  region size 1024K, 2 young (2048K), 2 survivors (2048K)
 Metaspace       used 10267K, capacity 10553K, committed 10624K, reserved 1058816K
  class space    used 1070K, capacity 1139K, committed 1152K, reserved 1048576K
}
Event: 2.195 GC heap before
{Heap before GC invocations=2 (full 0):
 garbage-first heap   total 196608K, used 40275K [0x0000000080000000, 0x0000000100000000)
  region size 1024K, 31 young (31744K), 2 survivors (2048K)
 Metaspace       used 11250K, capacity 11508K, committed 11776K, reserved 1060864K
  class space    used 1173K, capacity 1244K, committed 1280K, reserved 1048576K
}
Event: 2.202 GC heap after
{Heap after GC invocations=3 (full 0):
 garbage-first heap   total 196608K, used 12565K [0x0000000080000000, 0x0000000100000000)
  region size 1024K, 4 young (4096K), 4 survivors (4096K)
 Metaspace       used 11250K, capacity 11508K, committed 11776K, reserved 1060864K
  class space    used 1173K, capacity 1244K, committed 1280K, reserved 1048576K
}
Event: 4.130 GC heap before
{Heap before GC invocations=3 (full 0):
 garbage-first heap   total 196608K, used 54549K [0x0000000080000000, 0x0000000100000000)
  region size 1024K, 46 young (47104K), 4 survivors (4096K)
 Metaspace       used 17740K, capacity 18197K, committed 18432K, reserved 1064960K
  class space    used 2100K, capacity 2243K, committed 2304K, reserved 1048576K
}
Event: 4.138 GC heap after
{Heap after GC invocations=4 (full 0):
 garbage-first heap   total 196608K, used 16747K [0x0000000080000000, 0x0000000100000000)
  region size 1024K, 6 young (6144K), 6 survivors (6144K)
 Metaspace       used 17740K, capacity 18197K, committed 18432K, reserved 1064960K
  class space    used 2100K, capacity 2243K, committed 2304K, reserved 1048576K
}
Event: 4.513 GC heap before
{Heap before GC invocations=4 (full 0):
 garbage-first heap   total 196608K, used 43371K [0x0000000080000000, 0x0000000100000000)
  region size 1024K, 33 young (33792K), 6 survivors (6144K)
 Metaspace       used 20687K, capacity 21137K, committed 21248K, reserved 1067008K
  class space    used 2544K, capacity 2712K, committed 2816K, reserved 1048576K
}
Event: 4.519 GC heap after
{Heap after GC invocations=5 (full 0):
 garbage-first heap   total 196608K, used 17255K [0x0000000080000000, 0x0000000100000000)
  region size 1024K, 7 young (7168K), 7 survivors (7168K)
 Metaspace       used 20687K, capacity 21137K, committed 21248K, reserved 1067008K
  class space    used 2544K, capacity 2712K, committed 2816K, reserved 1048576K
}
Event: 5.886 GC heap before
{Heap before GC invocations=6 (full 0):
 garbage-first heap   total 196608K, used 77671K [0x0000000080000000, 0x0000000100000000)
  region size 1024K, 67 young (68608K), 7 survivors (7168K)
 Metaspace       used 27111K, capacity 27756K, committed 27904K, reserved 1073152K
  class space    used 3551K, capacity 3801K, committed 3840K, reserved 1048576K
}
Event: 5.897 GC heap after
{Heap after GC invocations=7 (full 0):
 garbage-first heap   total 196608K, used 19962K [0x0000000080000000, 0x0000000100000000)
  region size 1024K, 4 young (4096K), 4 survivors (4096K)
 Metaspace       used 27111K, capacity 27756K, committed 27904K, reserved 1073152K
  class space    used 3551K, capacity 3801K, committed 3840K, reserved 1048576K
}
Event: 7.785 GC heap before
{Heap before GC invocations=7 (full 0):
 garbage-first heap   total 196608K, used 68090K [0x0000000080000000, 0x0000000100000000)
  region size 1024K, 52 young (53248K), 4 survivors (4096K)
 Metaspace       used 34947K, capacity 35778K, committed 35840K, reserved 1081344K
  class space    used 4534K, capacity 4839K, committed 4864K, reserved 1048576K
}
Event: 7.808 GC heap after
{Heap after GC invocations=8 (full 0):
 garbage-first heap   total 196608K, used 22590K [0x0000000080000000, 0x0000000100000000)
  region size 1024K, 6 young (6144K), 6 survivors (6144K)
 Metaspace       used 34947K, capacity 35778K, committed 35840K, reserved 1081344K
  class space    used 4534K, capacity 4839K, committed 4864K, reserved 1048576K
}
Event: 11.954 GC heap before
{Heap before GC invocations=9 (full 0):
 garbage-first heap   total 196608K, used 115774K [0x0000000080000000, 0x0000000100000000)
  region size 1024K, 95 young (97280K), 6 survivors (6144K)
 Metaspace       used 42645K, capacity 43623K, committed 43776K, reserved 1087488K
  class space    used 5506K, capacity 5864K, committed 5888K, reserved 1048576K
}
Event: 11.995 GC heap after
{Heap after GC invocations=10 (full 0):
 garbage-first heap   total 196608K, used 29232K [0x0000000080000000, 0x0000000100000000)
  region size 1024K, 12 young (12288K), 12 survivors (12288K)
 Metaspace       used 42645K, capacity 43623K, committed 43776K, reserved 1087488K
  class space    used 5506K, capacity 5864K, committed 5888K, reserved 1048576K
}
Event: 15.647 GC heap before
{Heap before GC invocations=10 (full 0):
 garbage-first heap   total 196608K, used 130608K [0x0000000080000000, 0x0000000100000000)
  region size 1024K, 107 young (109568K), 12 survivors (12288K)
 Metaspace       used 48530K, capacity 49663K, committed 49664K, reserved 1091584K
  class space    used 6200K, capacity 6656K, committed 6656K, reserved 1048576K
}
Event: 15.692 GC heap after
{Heap after GC invocations=11 (full 0):
 garbage-first heap   total 196608K, used 41128K [0x0000000080000000, 0x0000000100000000)
  region size 1024K, 14 young (14336K), 14 survivors (14336K)
 Metaspace       used 48530K, capacity 49663K, committed 49664K, reserved 1091584K
  class space    used 6200K, capacity 6656K, committed 6656K, reserved 1048576K
}
Event: 18.200 GC heap before
{Heap before GC invocations=11 (full 0):
 garbage-first heap   total 196608K, used 117928K [0x0000000080000000, 0x0000000100000000)
  region size 1024K, 90 young (92160K), 14 survivors (14336K)
 Metaspace       used 58459K, capacity 59772K, committed 59948K, reserved 1101824K
  class space    used 7442K, capacity 7961K, committed 8064K, reserved 1048576K
}
Event: 18.220 GC heap after
{Heap after GC invocations=12 (full 0):
 garbage-first heap   total 196608K, used 45775K [0x0000000080000000, 0x0000000100000000)
  region size 1024K, 5 young (5120K), 5 survivors (5120K)
 Metaspace       used 58459K, capacity 59772K, committed 59948K, reserved 1101824K
  class space    used 7442K, capacity 7961K, committed 8064K, reserved 1048576K
}

